New log file opened at Sat Dec 12 16:06:01 GMT 2015 by 3928@STUDENT15
Taking next connection to: 59022
New client attempting to connect on port: 59023-59022
  Address = /192.168.1.16:59022
This client on port 59023 has uuid efb736fe-0dac-4dda-a213-5cd288109557 configName activator humanReadableName Activator protocolVersion 3 featureTags Vector()
Connected Clients: activator-efb736fe-0dac-4dda-a213-5cd288109557
Taking next connection to: 59022
New client attempting to connect on port: 59024-59022
  Address = /192.168.1.16:59022
Handshake exception on socket: 59024
sbt.impl.ipc.HandshakeException: Unable to perform handshake
	at sbt.impl.ipc.Peer.handshake(IPC.scala:46)
	at sbt.impl.ipc.MultiClientServer.<init>(IPC.scala:150)
	at sbt.server.SbtServerSocketHandler$$anon$1.run(SbtServerSocketHandler.scala:43)
Caused by: java.net.SocketException: Software caused connection abort: recv failed
	at java.net.SocketInputStream.socketRead0(Native Method)
	at java.net.SocketInputStream.socketRead(SocketInputStream.java:116)
	at java.net.SocketInputStream.read(SocketInputStream.java:170)
	at java.net.SocketInputStream.read(SocketInputStream.java:141)
	at java.io.BufferedInputStream.fill(BufferedInputStream.java:246)
	at java.io.BufferedInputStream.read(BufferedInputStream.java:265)
	at java.io.DataInputStream.readInt(DataInputStream.java:387)
	at sbt.impl.ipc.Peer.receive(IPC.scala:95)
	at sbt.impl.ipc.Peer.handshake(IPC.scala:49)
	... 2 more
Taking next connection to: 59022
New client attempting to connect on port: 59025-59022
  Address = /192.168.1.16:59022
This client on port 59025 has uuid 39b41d07-c421-4ac7-a187-055b0182dd0d configName activator humanReadableName Activator protocolVersion 3 featureTags Vector()
Connected Clients: activator-efb736fe-0dac-4dda-a213-5cd288109557, activator-39b41d07-c421-4ac7-a187-055b0182dd0d
Taking next connection to: 59022
New client attempting to connect on port: 59029-59022
  Address = /192.168.1.16:59022
Handshake exception on socket: 59029
sbt.impl.ipc.HandshakeException: Unable to perform handshake
	at sbt.impl.ipc.Peer.handshake(IPC.scala:46)
	at sbt.impl.ipc.MultiClientServer.<init>(IPC.scala:150)
	at sbt.server.SbtServerSocketHandler$$anon$1.run(SbtServerSocketHandler.scala:43)
Caused by: java.net.SocketException: Software caused connection abort: recv failed
	at java.net.SocketInputStream.socketRead0(Native Method)
	at java.net.SocketInputStream.socketRead(SocketInputStream.java:116)
	at java.net.SocketInputStream.read(SocketInputStream.java:170)
	at java.net.SocketInputStream.read(SocketInputStream.java:141)
	at java.io.BufferedInputStream.fill(BufferedInputStream.java:246)
	at java.io.BufferedInputStream.read(BufferedInputStream.java:265)
	at java.io.DataInputStream.readInt(DataInputStream.java:387)
	at sbt.impl.ipc.Peer.receive(IPC.scala:95)
	at sbt.impl.ipc.Peer.handshake(IPC.scala:49)
	... 2 more
Taking next connection to: 59022
New client attempting to connect on port: 59030-59022
  Address = /192.168.1.16:59022
This client on port 59030 has uuid 85b0cf48-66fd-4916-8c58-9389bf31cf1e configName play-fork-run humanReadableName Play Fork Run protocolVersion 1 featureTags Vector()
Connected Clients: activator-efb736fe-0dac-4dda-a213-5cd288109557, activator-39b41d07-c421-4ac7-a187-055b0182dd0d, play-fork-run-85b0cf48-66fd-4916-8c58-9389bf31cf1e
Taking next connection to: 59022
